<?xml version="1.0" encoding="UTF-8"?>
<testng-results ignored="0" total="1" passed="1" failed="0" skipped="0">
  <reporter-output>
  </reporter-output>
  <suite started-at="2024-05-15T15:58:18 ICT" name="Surefire suite" finished-at="2024-05-15T15:58:42 ICT" duration-ms="23914">
    <groups>
    </groups>
    <test started-at="2024-05-15T15:58:18 ICT" name="Surefire test" finished-at="2024-05-15T15:58:42 ICT" duration-ms="23914">
      <class name="TestlinkTest">
        <test-method signature="test()" started-at="2024-05-15T15:58:41 ICT" name="test" finished-at="2024-05-15T15:58:42 ICT" duration-ms="1329" status="PASS">
          <reporter-output>
          </reporter-output>
        </test-method> <!-- test -->
      </class> <!-- TestlinkTest -->
    </test> <!-- Surefire test -->
  </suite> <!-- Surefire suite -->
</testng-results>
